
***************************
size: 0.1
Naive Bayes done!
Decision Tree done!
Logistic Regression done!
Random Forest done
KNN done!
SVM done!
Gradient Boosting done

***************************
size: 0.2
Naive Bayes done!
Decision Tree done!
Logistic Regression done!
Random Forest done
KNN done!
SVM done!
Gradient Boosting done

***************************
size: 0.3
Naive Bayes done!
Decision Tree done!
Logistic Regression done!
Random Forest done
KNN done!
SVM done!
Gradient Boosting done

***************************
size: 0.4
Naive Bayes done!
Decision Tree done!
Logistic Regression done!
Random Forest done
KNN done!
SVM done!
Gradient Boosting done

***************************
size: 0.5
Naive Bayes done!
Decision Tree done!
Logistic Regression done!
Random Forest done
KNN done!
SVM done!
Gradient Boosting done

***************************
size: 0.6
Naive Bayes done!
Decision Tree done!
Logistic Regression done!
Random Forest done
KNN done!
SVM done!
Gradient Boosting done

***************************
size: 0.7
Naive Bayes done!
Decision Tree done!
Logistic Regression done!
Random Forest done
KNN done!
SVM done!
Gradient Boosting done

***************************
size: 0.8
Naive Bayes done!
Decision Tree done!
Logistic Regression done!
Random Forest done
KNN done!
SVM done!
Gradient Boosting done

***************************
size: 0.9
Naive Bayes done!
Decision Tree done!
Logistic Regression done!
Random Forest done
KNN done!
SVM done!
Gradient Boosting done
Done!!!
