/local/scratch/shared-directories/ssanet/mlembed/lib/python3.10/site-packages/sklearn/base.py:458: UserWarning: X has feature names, but DecisionTreeClassifier was fitted without feature names
  warnings.warn(
/local/scratch/shared-directories/ssanet/mlembed/lib/python3.10/site-packages/sklearn/base.py:458: UserWarning: X has feature names, but GradientBoostingClassifier was fitted without feature names
  warnings.warn(
/local/scratch/shared-directories/ssanet/mlembed/lib/python3.10/site-packages/sklearn/base.py:458: UserWarning: X has feature names, but KNeighborsClassifier was fitted without feature names
  warnings.warn(
/local/scratch/shared-directories/ssanet/mlembed/lib/python3.10/site-packages/sklearn/base.py:458: UserWarning: X has feature names, but LogisticRegression was fitted without feature names
  warnings.warn(
/local/scratch/shared-directories/ssanet/mlembed/lib/python3.10/site-packages/sklearn/base.py:458: UserWarning: X has feature names, but MultinomialNB was fitted without feature names
  warnings.warn(
/local/scratch/shared-directories/ssanet/mlembed/lib/python3.10/site-packages/sklearn/base.py:458: UserWarning: X has feature names, but RandomForestClassifier was fitted without feature names
  warnings.warn(
/local/scratch/shared-directories/ssanet/mlembed/lib/python3.10/site-packages/sklearn/base.py:458: UserWarning: X has feature names, but SVC was fitted without feature names
  warnings.warn(
/local/scratch/shared-directories/ssanet/mlembed/lib/python3.10/site-packages/sklearn/base.py:458: UserWarning: X has feature names, but DecisionTreeClassifier was fitted without feature names
  warnings.warn(
/local/scratch/shared-directories/ssanet/mlembed/lib/python3.10/site-packages/sklearn/base.py:458: UserWarning: X has feature names, but GradientBoostingClassifier was fitted without feature names
  warnings.warn(
/local/scratch/shared-directories/ssanet/mlembed/lib/python3.10/site-packages/sklearn/base.py:458: UserWarning: X has feature names, but KNeighborsClassifier was fitted without feature names
  warnings.warn(
/local/scratch/shared-directories/ssanet/mlembed/lib/python3.10/site-packages/sklearn/base.py:458: UserWarning: X has feature names, but LogisticRegression was fitted without feature names
  warnings.warn(
/local/scratch/shared-directories/ssanet/mlembed/lib/python3.10/site-packages/sklearn/base.py:458: UserWarning: X has feature names, but MultinomialNB was fitted without feature names
  warnings.warn(
/local/scratch/shared-directories/ssanet/mlembed/lib/python3.10/site-packages/sklearn/base.py:458: UserWarning: X has feature names, but RandomForestClassifier was fitted without feature names
  warnings.warn(
/local/scratch/shared-directories/ssanet/mlembed/lib/python3.10/site-packages/sklearn/base.py:458: UserWarning: X has feature names, but SVC was fitted without feature names
  warnings.warn(
