Accuracy: 0.6955394898376757
precision: 0.6955394898376757
recall: 0.6955394898376757
f1_micro: 0.6955394898376757
f1_macro: 0.44020294647400804
f2_micro: 0.6955394898376757
f2_macro: 0.47187125232139543
Confusion Matrix:
[[   1   64  290  562]
 [   0 4081  184  262]
 [   0  146  527  524]
 [   0   69  131  490]]
Classification Report:
              precision    recall  f1-score   support

           0       1.00      0.00      0.00       917
           1       0.94      0.90      0.92      4527
           2       0.47      0.44      0.45      1197
           3       0.27      0.71      0.39       690

    accuracy                           0.70      7331
   macro avg       0.67      0.51      0.44      7331
weighted avg       0.80      0.70      0.68      7331

