The Zen of Python, by Tim Peters

Beautiful is better than ugly.
Explicit is better than implicit.
Simple is better than complex.
Complex is better than complicated.
Flat is better than nested.
Sparse is better than dense.
Readability counts.
Special cases aren't special enough to break the rules.
Although practicality beats purity.
Errors should never pass silently.
Unless explicitly silenced.
In the face of ambiguity, refuse the temptation to guess.
There should be one-- and preferably only one --obvious way to do it.
Although that way may not be obvious at first unless you're Dutch.
Now is better than never.
Although never is often better than *right* now.
If the implementation is hard to explain, it's a bad idea.
If the implementation is easy to explain, it may be a good idea.
Namespaces are one honking great idea -- let's do more of those!
The Zen of Python, by Tim Peters

Beautiful is better than ugly.
Explicit is better than implicit.
Simple is better than complex.
Complex is better than complicated.
Flat is better than nested.
Sparse is better than dense.
Readability counts.
Special cases aren't special enough to break the rules.
Although practicality beats purity.
Errors should never pass silently.
Unless explicitly silenced.
In the face of ambiguity, refuse the temptation to guess.
There should be one-- and preferably only one --obvious way to do it.
Although that way may not be obvious at first unless you're Dutch.
Now is better than never.
Although never is often better than *right* now.
If the implementation is hard to explain, it's a bad idea.
If the implementation is easy to explain, it may be a good idea.
Namespaces are one honking great idea -- let's do more of those!
0
1
NVIDIA H100 80GB HBM3
****************************************
Epoch 0
torch.Size([128, 3, 224, 224]) torch.Size([128])
torch.Size([128, 3, 224, 224]) torch.Size([128])
torch.Size([128, 3, 224, 224]) torch.Size([128])
torch.Size([128, 3, 224, 224]) torch.Size([128])
torch.Size([128, 3, 224, 224]) torch.Size([128])
torch.Size([128, 3, 224, 224]) torch.Size([128])
torch.Size([128, 3, 224, 224]) torch.Size([128])
torch.Size([128, 3, 224, 224]) torch.Size([128])
torch.Size([128, 3, 224, 224]) torch.Size([128])
torch.Size([128, 3, 224, 224]) torch.Size([128])
torch.Size([128, 3, 224, 224]) torch.Size([128])
torch.Size([128, 3, 224, 224]) torch.Size([128])
torch.Size([128, 3, 224, 224]) torch.Size([128])
torch.Size([128, 3, 224, 224]) torch.Size([128])
torch.Size([128, 3, 224, 224]) torch.Size([128])
torch.Size([128, 3, 224, 224]) torch.Size([128])
torch.Size([128, 3, 224, 224]) torch.Size([128])
torch.Size([128, 3, 224, 224]) torch.Size([128])
torch.Size([128, 3, 224, 224]) torch.Size([128])
torch.Size([128, 3, 224, 224]) torch.Size([128])
torch.Size([128, 3, 224, 224]) torch.Size([128])
torch.Size([128, 3, 224, 224]) torch.Size([128])
torch.Size([128, 3, 224, 224]) torch.Size([128])
torch.Size([128, 3, 224, 224]) torch.Size([128])
torch.Size([128, 3, 224, 224]) torch.Size([128])
torch.Size([128, 3, 224, 224]) torch.Size([128])
torch.Size([128, 3, 224, 224]) torch.Size([128])
torch.Size([128, 3, 224, 224]) torch.Size([128])
torch.Size([128, 3, 224, 224]) torch.Size([128])
torch.Size([128, 3, 224, 224]) torch.Size([128])
torch.Size([128, 3, 224, 224]) torch.Size([128])
torch.Size([128, 3, 224, 224]) torch.Size([128])
torch.Size([128, 3, 224, 224]) torch.Size([128])
torch.Size([128, 3, 224, 224]) torch.Size([128])
torch.Size([128, 3, 224, 224]) torch.Size([128])
torch.Size([128, 3, 224, 224]) torch.Size([128])
torch.Size([128, 3, 224, 224]) torch.Size([128])
torch.Size([128, 3, 224, 224]) torch.Size([128])
torch.Size([128, 3, 224, 224]) torch.Size([128])
torch.Size([128, 3, 224, 224]) torch.Size([128])
torch.Size([128, 3, 224, 224]) torch.Size([128])
torch.Size([128, 3, 224, 224]) torch.Size([128])
torch.Size([128, 3, 224, 224]) torch.Size([128])
torch.Size([128, 3, 224, 224]) torch.Size([128])
torch.Size([128, 3, 224, 224]) torch.Size([128])
torch.Size([128, 3, 224, 224]) torch.Size([128])
torch.Size([128, 3, 224, 224]) torch.Size([128])
torch.Size([128, 3, 224, 224]) torch.Size([128])
torch.Size([128, 3, 224, 224]) torch.Size([128])
torch.Size([128, 3, 224, 224]) torch.Size([128])
torch.Size([128, 3, 224, 224]) torch.Size([128])
torch.Size([128, 3, 224, 224]) torch.Size([128])
torch.Size([128, 3, 224, 224]) torch.Size([128])
torch.Size([128, 3, 224, 224]) torch.Size([128])
torch.Size([128, 3, 224, 224]) torch.Size([128])
torch.Size([128, 3, 224, 224]) torch.Size([128])
torch.Size([128, 3, 224, 224]) torch.Size([128])
torch.Size([128, 3, 224, 224]) torch.Size([128])
torch.Size([128, 3, 224, 224]) torch.Size([128])
torch.Size([128, 3, 224, 224]) torch.Size([128])
torch.Size([128, 3, 224, 224]) torch.Size([128])
torch.Size([128, 3, 224, 224]) torch.Size([128])
torch.Size([128, 3, 224, 224]) torch.Size([128])
torch.Size([128, 3, 224, 224]) torch.Size([128])
torch.Size([128, 3, 224, 224]) torch.Size([128])
torch.Size([128, 3, 224, 224]) torch.Size([128])
torch.Size([128, 3, 224, 224]) torch.Size([128])
torch.Size([128, 3, 224, 224]) torch.Size([128])
torch.Size([128, 3, 224, 224]) torch.Size([128])
torch.Size([128, 3, 224, 224]) torch.Size([128])
torch.Size([128, 3, 224, 224]) torch.Size([128])
torch.Size([128, 3, 224, 224]) torch.Size([128])
torch.Size([128, 3, 224, 224]) torch.Size([128])
torch.Size([128, 3, 224, 224]) torch.Size([128])
torch.Size([128, 3, 224, 224]) torch.Size([128])
torch.Size([128, 3, 224, 224]) torch.Size([128])
torch.Size([128, 3, 224, 224]) torch.Size([128])
torch.Size([128, 3, 224, 224]) torch.Size([128])
torch.Size([128, 3, 224, 224]) torch.Size([128])
torch.Size([128, 3, 224, 224]) torch.Size([128])
torch.Size([128, 3, 224, 224]) torch.Size([128])
torch.Size([128, 3, 224, 224]) torch.Size([128])
torch.Size([128, 3, 224, 224]) torch.Size([128])
torch.Size([128, 3, 224, 224]) torch.Size([128])
torch.Size([128, 3, 224, 224]) torch.Size([128])
torch.Size([128, 3, 224, 224]) torch.Size([128])
torch.Size([128, 3, 224, 224]) torch.Size([128])
torch.Size([128, 3, 224, 224]) torch.Size([128])
torch.Size([128, 3, 224, 224]) torch.Size([128])
torch.Size([128, 3, 224, 224]) torch.Size([128])
torch.Size([128, 3, 224, 224]) torch.Size([128])
torch.Size([128, 3, 224, 224]) torch.Size([128])
torch.Size([128, 3, 224, 224]) torch.Size([128])
torch.Size([128, 3, 224, 224]) torch.Size([128])
torch.Size([128, 3, 224, 224]) torch.Size([128])
torch.Size([128, 3, 224, 224]) torch.Size([128])
torch.Size([128, 3, 224, 224]) torch.Size([128])
torch.Size([128, 3, 224, 224]) torch.Size([128])
torch.Size([128, 3, 224, 224]) torch.Size([128])
torch.Size([128, 3, 224, 224]) torch.Size([128])
torch.Size([128, 3, 224, 224]) torch.Size([128])
torch.Size([128, 3, 224, 224]) torch.Size([128])
torch.Size([128, 3, 224, 224]) torch.Size([128])
torch.Size([128, 3, 224, 224]) torch.Size([128])
torch.Size([128, 3, 224, 224]) torch.Size([128])
torch.Size([128, 3, 224, 224]) torch.Size([128])
torch.Size([128, 3, 224, 224]) torch.Size([128])
torch.Size([128, 3, 224, 224]) torch.Size([128])
torch.Size([128, 3, 224, 224]) torch.Size([128])
torch.Size([128, 3, 224, 224]) torch.Size([128])
torch.Size([128, 3, 224, 224]) torch.Size([128])
torch.Size([128, 3, 224, 224]) torch.Size([128])
torch.Size([128, 3, 224, 224]) torch.Size([128])
torch.Size([128, 3, 224, 224]) torch.Size([128])
torch.Size([128, 3, 224, 224]) torch.Size([128])
torch.Size([128, 3, 224, 224]) torch.Size([128])
torch.Size([128, 3, 224, 224]) torch.Size([128])
torch.Size([128, 3, 224, 224]) torch.Size([128])
torch.Size([128, 3, 224, 224]) torch.Size([128])
torch.Size([128, 3, 224, 224]) torch.Size([128])
torch.Size([128, 3, 224, 224]) torch.Size([128])
torch.Size([128, 3, 224, 224]) torch.Size([128])
torch.Size([128, 3, 224, 224]) torch.Size([128])
torch.Size([128, 3, 224, 224]) torch.Size([128])
torch.Size([128, 3, 224, 224]) torch.Size([128])
torch.Size([128, 3, 224, 224]) torch.Size([128])
torch.Size([128, 3, 224, 224]) torch.Size([128])
torch.Size([128, 3, 224, 224]) torch.Size([128])
torch.Size([128, 3, 224, 224]) torch.Size([128])
torch.Size([128, 3, 224, 224]) torch.Size([128])
torch.Size([128, 3, 224, 224]) torch.Size([128])
torch.Size([128, 3, 224, 224]) torch.Size([128])
torch.Size([128, 3, 224, 224]) torch.Size([128])
torch.Size([128, 3, 224, 224]) torch.Size([128])
torch.Size([128, 3, 224, 224]) torch.Size([128])
torch.Size([128, 3, 224, 224]) torch.Size([128])
torch.Size([128, 3, 224, 224]) torch.Size([128])
torch.Size([128, 3, 224, 224]) torch.Size([128])
torch.Size([128, 3, 224, 224]) torch.Size([128])
torch.Size([128, 3, 224, 224]) torch.Size([128])
torch.Size([128, 3, 224, 224]) torch.Size([128])
torch.Size([128, 3, 224, 224]) torch.Size([128])
torch.Size([128, 3, 224, 224]) torch.Size([128])
torch.Size([128, 3, 224, 224]) torch.Size([128])
torch.Size([128, 3, 224, 224]) torch.Size([128])
torch.Size([128, 3, 224, 224]) torch.Size([128])
torch.Size([128, 3, 224, 224]) torch.Size([128])
torch.Size([128, 3, 224, 224]) torch.Size([128])
torch.Size([128, 3, 224, 224]) torch.Size([128])
torch.Size([128, 3, 224, 224]) torch.Size([128])
torch.Size([128, 3, 224, 224]) torch.Size([128])
torch.Size([128, 3, 224, 224]) torch.Size([128])
torch.Size([128, 3, 224, 224]) torch.Size([128])
torch.Size([128, 3, 224, 224]) torch.Size([128])
torch.Size([128, 3, 224, 224]) torch.Size([128])
torch.Size([128, 3, 224, 224]) torch.Size([128])
torch.Size([128, 3, 224, 224]) torch.Size([128])
torch.Size([128, 3, 224, 224]) torch.Size([128])
torch.Size([128, 3, 224, 224]) torch.Size([128])
torch.Size([128, 3, 224, 224]) torch.Size([128])
torch.Size([128, 3, 224, 224]) torch.Size([128])
torch.Size([128, 3, 224, 224]) torch.Size([128])
torch.Size([128, 3, 224, 224]) torch.Size([128])
torch.Size([128, 3, 224, 224]) torch.Size([128])
torch.Size([128, 3, 224, 224]) torch.Size([128])
torch.Size([128, 3, 224, 224]) torch.Size([128])
torch.Size([128, 3, 224, 224]) torch.Size([128])
torch.Size([128, 3, 224, 224]) torch.Size([128])
torch.Size([128, 3, 224, 224]) torch.Size([128])
torch.Size([128, 3, 224, 224]) torch.Size([128])
torch.Size([128, 3, 224, 224]) torch.Size([128])
torch.Size([128, 3, 224, 224]) torch.Size([128])
torch.Size([128, 3, 224, 224]) torch.Size([128])
torch.Size([128, 3, 224, 224]) torch.Size([128])
torch.Size([128, 3, 224, 224]) torch.Size([128])
torch.Size([128, 3, 224, 224]) torch.Size([128])
torch.Size([128, 3, 224, 224]) torch.Size([128])
torch.Size([128, 3, 224, 224]) torch.Size([128])
torch.Size([128, 3, 224, 224]) torch.Size([128])
torch.Size([128, 3, 224, 224]) torch.Size([128])
torch.Size([128, 3, 224, 224]) torch.Size([128])
torch.Size([128, 3, 224, 224]) torch.Size([128])
torch.Size([128, 3, 224, 224]) torch.Size([128])
torch.Size([128, 3, 224, 224]) torch.Size([128])
torch.Size([128, 3, 224, 224]) torch.Size([128])
torch.Size([128, 3, 224, 224]) torch.Size([128])
torch.Size([128, 3, 224, 224]) torch.Size([128])
torch.Size([128, 3, 224, 224]) torch.Size([128])
torch.Size([128, 3, 224, 224]) torch.Size([128])
torch.Size([128, 3, 224, 224]) torch.Size([128])
torch.Size([128, 3, 224, 224]) torch.Size([128])
torch.Size([128, 3, 224, 224]) torch.Size([128])
torch.Size([128, 3, 224, 224]) torch.Size([128])
torch.Size([128, 3, 224, 224]) torch.Size([128])
torch.Size([128, 3, 224, 224]) torch.Size([128])
torch.Size([128, 3, 224, 224]) torch.Size([128])
torch.Size([128, 3, 224, 224]) torch.Size([128])
torch.Size([128, 3, 224, 224]) torch.Size([128])
torch.Size([128, 3, 224, 224]) torch.Size([128])
torch.Size([128, 3, 224, 224]) torch.Size([128])
[1, 200] loss: 0.341
torch.Size([128, 3, 224, 224]) torch.Size([128])
torch.Size([128, 3, 224, 224]) torch.Size([128])
torch.Size([128, 3, 224, 224]) torch.Size([128])
torch.Size([128, 3, 224, 224]) torch.Size([128])
torch.Size([128, 3, 224, 224]) torch.Size([128])
torch.Size([128, 3, 224, 224]) torch.Size([128])
torch.Size([128, 3, 224, 224]) torch.Size([128])
torch.Size([128, 3, 224, 224]) torch.Size([128])
torch.Size([128, 3, 224, 224]) torch.Size([128])
torch.Size([128, 3, 224, 224]) torch.Size([128])
torch.Size([128, 3, 224, 224]) torch.Size([128])
torch.Size([128, 3, 224, 224]) torch.Size([128])
torch.Size([128, 3, 224, 224]) torch.Size([128])
torch.Size([128, 3, 224, 224]) torch.Size([128])
torch.Size([128, 3, 224, 224]) torch.Size([128])
torch.Size([128, 3, 224, 224]) torch.Size([128])
torch.Size([128, 3, 224, 224]) torch.Size([128])
torch.Size([128, 3, 224, 224]) torch.Size([128])
torch.Size([128, 3, 224, 224]) torch.Size([128])
torch.Size([128, 3, 224, 224]) torch.Size([128])
torch.Size([128, 3, 224, 224]) torch.Size([128])
torch.Size([128, 3, 224, 224]) torch.Size([128])
torch.Size([128, 3, 224, 224]) torch.Size([128])
torch.Size([128, 3, 224, 224]) torch.Size([128])
torch.Size([128, 3, 224, 224]) torch.Size([128])
torch.Size([128, 3, 224, 224]) torch.Size([128])
torch.Size([128, 3, 224, 224]) torch.Size([128])
torch.Size([128, 3, 224, 224]) torch.Size([128])
torch.Size([128, 3, 224, 224]) torch.Size([128])
torch.Size([128, 3, 224, 224]) torch.Size([128])
torch.Size([128, 3, 224, 224]) torch.Size([128])
torch.Size([128, 3, 224, 224]) torch.Size([128])
torch.Size([128, 3, 224, 224]) torch.Size([128])
torch.Size([128, 3, 224, 224]) torch.Size([128])
torch.Size([128, 3, 224, 224]) torch.Size([128])
torch.Size([128, 3, 224, 224]) torch.Size([128])
torch.Size([128, 3, 224, 224]) torch.Size([128])
torch.Size([128, 3, 224, 224]) torch.Size([128])
torch.Size([128, 3, 224, 224]) torch.Size([128])
torch.Size([128, 3, 224, 224]) torch.Size([128])
torch.Size([128, 3, 224, 224]) torch.Size([128])
torch.Size([128, 3, 224, 224]) torch.Size([128])
torch.Size([128, 3, 224, 224]) torch.Size([128])
torch.Size([128, 3, 224, 224]) torch.Size([128])
torch.Size([128, 3, 224, 224]) torch.Size([128])
torch.Size([128, 3, 224, 224]) torch.Size([128])
torch.Size([128, 3, 224, 224]) torch.Size([128])
torch.Size([128, 3, 224, 224]) torch.Size([128])
torch.Size([128, 3, 224, 224]) torch.Size([128])
torch.Size([128, 3, 224, 224]) torch.Size([128])
torch.Size([128, 3, 224, 224]) torch.Size([128])
torch.Size([128, 3, 224, 224]) torch.Size([128])
torch.Size([128, 3, 224, 224]) torch.Size([128])
torch.Size([128, 3, 224, 224]) torch.Size([128])
torch.Size([128, 3, 224, 224]) torch.Size([128])
torch.Size([128, 3, 224, 224]) torch.Size([128])
torch.Size([128, 3, 224, 224]) torch.Size([128])
torch.Size([128, 3, 224, 224]) torch.Size([128])
torch.Size([128, 3, 224, 224]) torch.Size([128])
torch.Size([128, 3, 224, 224]) torch.Size([128])
torch.Size([128, 3, 224, 224]) torch.Size([128])
torch.Size([128, 3, 224, 224]) torch.Size([128])
torch.Size([128, 3, 224, 224]) torch.Size([128])
torch.Size([128, 3, 224, 224]) torch.Size([128])
torch.Size([128, 3, 224, 224]) torch.Size([128])
torch.Size([128, 3, 224, 224]) torch.Size([128])
torch.Size([128, 3, 224, 224]) torch.Size([128])
torch.Size([128, 3, 224, 224]) torch.Size([128])
torch.Size([128, 3, 224, 224]) torch.Size([128])
torch.Size([128, 3, 224, 224]) torch.Size([128])
torch.Size([128, 3, 224, 224]) torch.Size([128])
torch.Size([128, 3, 224, 224]) torch.Size([128])
torch.Size([128, 3, 224, 224]) torch.Size([128])
torch.Size([128, 3, 224, 224]) torch.Size([128])
torch.Size([128, 3, 224, 224]) torch.Size([128])
torch.Size([128, 3, 224, 224]) torch.Size([128])
torch.Size([128, 3, 224, 224]) torch.Size([128])
torch.Size([128, 3, 224, 224]) torch.Size([128])
torch.Size([128, 3, 224, 224]) torch.Size([128])
torch.Size([128, 3, 224, 224]) torch.Size([128])
torch.Size([128, 3, 224, 224]) torch.Size([128])
torch.Size([128, 3, 224, 224]) torch.Size([128])
torch.Size([128, 3, 224, 224]) torch.Size([128])
torch.Size([128, 3, 224, 224]) torch.Size([128])
torch.Size([128, 3, 224, 224]) torch.Size([128])
torch.Size([128, 3, 224, 224]) torch.Size([128])
torch.Size([128, 3, 224, 224]) torch.Size([128])
torch.Size([128, 3, 224, 224]) torch.Size([128])
torch.Size([128, 3, 224, 224]) torch.Size([128])
torch.Size([128, 3, 224, 224]) torch.Size([128])
torch.Size([128, 3, 224, 224]) torch.Size([128])
torch.Size([128, 3, 224, 224]) torch.Size([128])
torch.Size([128, 3, 224, 224]) torch.Size([128])
torch.Size([128, 3, 224, 224]) torch.Size([128])
torch.Size([128, 3, 224, 224]) torch.Size([128])
torch.Size([128, 3, 224, 224]) torch.Size([128])
torch.Size([128, 3, 224, 224]) torch.Size([128])
torch.Size([128, 3, 224, 224]) torch.Size([128])
torch.Size([128, 3, 224, 224]) torch.Size([128])
torch.Size([128, 3, 224, 224]) torch.Size([128])
torch.Size([128, 3, 224, 224]) torch.Size([128])
torch.Size([128, 3, 224, 224]) torch.Size([128])
torch.Size([128, 3, 224, 224]) torch.Size([128])
torch.Size([128, 3, 224, 224]) torch.Size([128])
torch.Size([128, 3, 224, 224]) torch.Size([128])
torch.Size([128, 3, 224, 224]) torch.Size([128])
torch.Size([128, 3, 224, 224]) torch.Size([128])
torch.Size([128, 3, 224, 224]) torch.Size([128])
torch.Size([128, 3, 224, 224]) torch.Size([128])
torch.Size([128, 3, 224, 224]) torch.Size([128])
torch.Size([128, 3, 224, 224]) torch.Size([128])
torch.Size([128, 3, 224, 224]) torch.Size([128])
torch.Size([128, 3, 224, 224]) torch.Size([128])
torch.Size([128, 3, 224, 224]) torch.Size([128])
torch.Size([128, 3, 224, 224]) torch.Size([128])
torch.Size([128, 3, 224, 224]) torch.Size([128])
torch.Size([128, 3, 224, 224]) torch.Size([128])
torch.Size([128, 3, 224, 224]) torch.Size([128])
torch.Size([128, 3, 224, 224]) torch.Size([128])
torch.Size([128, 3, 224, 224]) torch.Size([128])
torch.Size([128, 3, 224, 224]) torch.Size([128])
torch.Size([128, 3, 224, 224]) torch.Size([128])
torch.Size([128, 3, 224, 224]) torch.Size([128])
torch.Size([128, 3, 224, 224]) torch.Size([128])
torch.Size([128, 3, 224, 224]) torch.Size([128])
torch.Size([128, 3, 224, 224]) torch.Size([128])
torch.Size([128, 3, 224, 224]) torch.Size([128])
torch.Size([128, 3, 224, 224]) torch.Size([128])
torch.Size([128, 3, 224, 224]) torch.Size([128])
torch.Size([128, 3, 224, 224]) torch.Size([128])
torch.Size([128, 3, 224, 224]) torch.Size([128])
torch.Size([128, 3, 224, 224]) torch.Size([128])
torch.Size([128, 3, 224, 224]) torch.Size([128])
torch.Size([128, 3, 224, 224]) torch.Size([128])
torch.Size([128, 3, 224, 224]) torch.Size([128])
torch.Size([128, 3, 224, 224]) torch.Size([128])
torch.Size([128, 3, 224, 224]) torch.Size([128])
torch.Size([128, 3, 224, 224]) torch.Size([128])
torch.Size([128, 3, 224, 224]) torch.Size([128])
torch.Size([128, 3, 224, 224]) torch.Size([128])
torch.Size([128, 3, 224, 224]) torch.Size([128])
torch.Size([128, 3, 224, 224]) torch.Size([128])
torch.Size([128, 3, 224, 224]) torch.Size([128])
torch.Size([128, 3, 224, 224]) torch.Size([128])
torch.Size([128, 3, 224, 224]) torch.Size([128])
torch.Size([128, 3, 224, 224]) torch.Size([128])
torch.Size([128, 3, 224, 224]) torch.Size([128])
torch.Size([128, 3, 224, 224]) torch.Size([128])
torch.Size([128, 3, 224, 224]) torch.Size([128])
torch.Size([128, 3, 224, 224]) torch.Size([128])
torch.Size([128, 3, 224, 224]) torch.Size([128])
torch.Size([128, 3, 224, 224]) torch.Size([128])
torch.Size([128, 3, 224, 224]) torch.Size([128])
torch.Size([128, 3, 224, 224]) torch.Size([128])
torch.Size([128, 3, 224, 224]) torch.Size([128])
torch.Size([128, 3, 224, 224]) torch.Size([128])
torch.Size([128, 3, 224, 224]) torch.Size([128])
torch.Size([128, 3, 224, 224]) torch.Size([128])
torch.Size([128, 3, 224, 224]) torch.Size([128])
torch.Size([128, 3, 224, 224]) torch.Size([128])
torch.Size([128, 3, 224, 224]) torch.Size([128])
torch.Size([128, 3, 224, 224]) torch.Size([128])
torch.Size([128, 3, 224, 224]) torch.Size([128])
torch.Size([128, 3, 224, 224]) torch.Size([128])
torch.Size([128, 3, 224, 224]) torch.Size([128])
torch.Size([128, 3, 224, 224]) torch.Size([128])
torch.Size([128, 3, 224, 224]) torch.Size([128])
torch.Size([128, 3, 224, 224]) torch.Size([128])
torch.Size([128, 3, 224, 224]) torch.Size([128])
torch.Size([128, 3, 224, 224]) torch.Size([128])
torch.Size([128, 3, 224, 224]) torch.Size([128])
torch.Size([128, 3, 224, 224]) torch.Size([128])
torch.Size([128, 3, 224, 224]) torch.Size([128])
torch.Size([128, 3, 224, 224]) torch.Size([128])
torch.Size([128, 3, 224, 224]) torch.Size([128])
torch.Size([128, 3, 224, 224]) torch.Size([128])
torch.Size([128, 3, 224, 224]) torch.Size([128])
torch.Size([128, 3, 224, 224]) torch.Size([128])
torch.Size([128, 3, 224, 224]) torch.Size([128])
torch.Size([128, 3, 224, 224]) torch.Size([128])
torch.Size([128, 3, 224, 224]) torch.Size([128])
torch.Size([128, 3, 224, 224]) torch.Size([128])
torch.Size([128, 3, 224, 224]) torch.Size([128])
torch.Size([128, 3, 224, 224]) torch.Size([128])
torch.Size([128, 3, 224, 224]) torch.Size([128])
torch.Size([128, 3, 224, 224]) torch.Size([128])
torch.Size([128, 3, 224, 224]) torch.Size([128])
torch.Size([128, 3, 224, 224]) torch.Size([128])
torch.Size([128, 3, 224, 224]) torch.Size([128])
torch.Size([128, 3, 224, 224]) torch.Size([128])
torch.Size([128, 3, 224, 224]) torch.Size([128])
torch.Size([128, 3, 224, 224]) torch.Size([128])
torch.Size([128, 3, 224, 224]) torch.Size([128])
torch.Size([128, 3, 224, 224]) torch.Size([128])
torch.Size([128, 3, 224, 224]) torch.Size([128])
torch.Size([128, 3, 224, 224]) torch.Size([128])
torch.Size([128, 3, 224, 224]) torch.Size([128])
torch.Size([128, 3, 224, 224]) torch.Size([128])
torch.Size([128, 3, 224, 224]) torch.Size([128])
torch.Size([128, 3, 224, 224]) torch.Size([128])
[1, 400] loss: 0.326
torch.Size([128, 3, 224, 224]) torch.Size([128])
torch.Size([128, 3, 224, 224]) torch.Size([128])
torch.Size([128, 3, 224, 224]) torch.Size([128])
torch.Size([128, 3, 224, 224]) torch.Size([128])
torch.Size([128, 3, 224, 224]) torch.Size([128])
torch.Size([128, 3, 224, 224]) torch.Size([128])
torch.Size([128, 3, 224, 224]) torch.Size([128])
torch.Size([128, 3, 224, 224]) torch.Size([128])
torch.Size([128, 3, 224, 224]) torch.Size([128])
torch.Size([128, 3, 224, 224]) torch.Size([128])
torch.Size([128, 3, 224, 224]) torch.Size([128])
torch.Size([128, 3, 224, 224]) torch.Size([128])
torch.Size([128, 3, 224, 224]) torch.Size([128])
torch.Size([128, 3, 224, 224]) torch.Size([128])
torch.Size([128, 3, 224, 224]) torch.Size([128])
torch.Size([128, 3, 224, 224]) torch.Size([128])
torch.Size([128, 3, 224, 224]) torch.Size([128])
torch.Size([128, 3, 224, 224]) torch.Size([128])
torch.Size([128, 3, 224, 224]) torch.Size([128])
torch.Size([128, 3, 224, 224]) torch.Size([128])
torch.Size([128, 3, 224, 224]) torch.Size([128])
torch.Size([128, 3, 224, 224]) torch.Size([128])
torch.Size([128, 3, 224, 224]) torch.Size([128])
torch.Size([128, 3, 224, 224]) torch.Size([128])
torch.Size([128, 3, 224, 224]) torch.Size([128])
torch.Size([128, 3, 224, 224]) torch.Size([128])
torch.Size([128, 3, 224, 224]) torch.Size([128])
torch.Size([128, 3, 224, 224]) torch.Size([128])
torch.Size([128, 3, 224, 224]) torch.Size([128])
torch.Size([128, 3, 224, 224]) torch.Size([128])
torch.Size([128, 3, 224, 224]) torch.Size([128])
torch.Size([128, 3, 224, 224]) torch.Size([128])
torch.Size([128, 3, 224, 224]) torch.Size([128])
torch.Size([128, 3, 224, 224]) torch.Size([128])
torch.Size([128, 3, 224, 224]) torch.Size([128])
torch.Size([128, 3, 224, 224]) torch.Size([128])
torch.Size([128, 3, 224, 224]) torch.Size([128])
torch.Size([128, 3, 224, 224]) torch.Size([128])
torch.Size([128, 3, 224, 224]) torch.Size([128])
torch.Size([128, 3, 224, 224]) torch.Size([128])
torch.Size([128, 3, 224, 224]) torch.Size([128])
torch.Size([128, 3, 224, 224]) torch.Size([128])
torch.Size([128, 3, 224, 224]) torch.Size([128])
torch.Size([128, 3, 224, 224]) torch.Size([128])
torch.Size([128, 3, 224, 224]) torch.Size([128])
torch.Size([128, 3, 224, 224]) torch.Size([128])
torch.Size([128, 3, 224, 224]) torch.Size([128])
torch.Size([128, 3, 224, 224]) torch.Size([128])
torch.Size([128, 3, 224, 224]) torch.Size([128])
torch.Size([128, 3, 224, 224]) torch.Size([128])
torch.Size([128, 3, 224, 224]) torch.Size([128])
torch.Size([128, 3, 224, 224]) torch.Size([128])
torch.Size([128, 3, 224, 224]) torch.Size([128])
torch.Size([128, 3, 224, 224]) torch.Size([128])
torch.Size([128, 3, 224, 224]) torch.Size([128])
torch.Size([128, 3, 224, 224]) torch.Size([128])
torch.Size([128, 3, 224, 224]) torch.Size([128])
torch.Size([128, 3, 224, 224]) torch.Size([128])
torch.Size([128, 3, 224, 224]) torch.Size([128])
torch.Size([128, 3, 224, 224]) torch.Size([128])
torch.Size([128, 3, 224, 224]) torch.Size([128])
torch.Size([128, 3, 224, 224]) torch.Size([128])
torch.Size([128, 3, 224, 224]) torch.Size([128])
torch.Size([128, 3, 224, 224]) torch.Size([128])
torch.Size([128, 3, 224, 224]) torch.Size([128])
torch.Size([128, 3, 224, 224]) torch.Size([128])
torch.Size([128, 3, 224, 224]) torch.Size([128])
torch.Size([128, 3, 224, 224]) torch.Size([128])
torch.Size([128, 3, 224, 224]) torch.Size([128])
torch.Size([128, 3, 224, 224]) torch.Size([128])
torch.Size([128, 3, 224, 224]) torch.Size([128])
torch.Size([128, 3, 224, 224]) torch.Size([128])
torch.Size([128, 3, 224, 224]) torch.Size([128])
torch.Size([128, 3, 224, 224]) torch.Size([128])
torch.Size([128, 3, 224, 224]) torch.Size([128])
torch.Size([128, 3, 224, 224]) torch.Size([128])
torch.Size([128, 3, 224, 224]) torch.Size([128])
torch.Size([128, 3, 224, 224]) torch.Size([128])
torch.Size([128, 3, 224, 224]) torch.Size([128])
torch.Size([128, 3, 224, 224]) torch.Size([128])
torch.Size([128, 3, 224, 224]) torch.Size([128])
torch.Size([128, 3, 224, 224]) torch.Size([128])
torch.Size([128, 3, 224, 224]) torch.Size([128])
torch.Size([128, 3, 224, 224]) torch.Size([128])
torch.Size([128, 3, 224, 224]) torch.Size([128])
torch.Size([128, 3, 224, 224]) torch.Size([128])
torch.Size([128, 3, 224, 224]) torch.Size([128])
torch.Size([128, 3, 224, 224]) torch.Size([128])
torch.Size([128, 3, 224, 224]) torch.Size([128])
torch.Size([128, 3, 224, 224]) torch.Size([128])
torch.Size([128, 3, 224, 224]) torch.Size([128])
torch.Size([128, 3, 224, 224]) torch.Size([128])
torch.Size([128, 3, 224, 224]) torch.Size([128])
torch.Size([128, 3, 224, 224]) torch.Size([128])
torch.Size([128, 3, 224, 224]) torch.Size([128])
torch.Size([128, 3, 224, 224]) torch.Size([128])
torch.Size([128, 3, 224, 224]) torch.Size([128])
torch.Size([128, 3, 224, 224]) torch.Size([128])
torch.Size([128, 3, 224, 224]) torch.Size([128])
torch.Size([128, 3, 224, 224]) torch.Size([128])
torch.Size([128, 3, 224, 224]) torch.Size([128])
torch.Size([128, 3, 224, 224]) torch.Size([128])
torch.Size([128, 3, 224, 224]) torch.Size([128])
torch.Size([128, 3, 224, 224]) torch.Size([128])
torch.Size([128, 3, 224, 224]) torch.Size([128])
torch.Size([128, 3, 224, 224]) torch.Size([128])
torch.Size([128, 3, 224, 224]) torch.Size([128])
torch.Size([128, 3, 224, 224]) torch.Size([128])
torch.Size([128, 3, 224, 224]) torch.Size([128])
torch.Size([128, 3, 224, 224]) torch.Size([128])
torch.Size([128, 3, 224, 224]) torch.Size([128])
torch.Size([128, 3, 224, 224]) torch.Size([128])
torch.Size([128, 3, 224, 224]) torch.Size([128])
torch.Size([128, 3, 224, 224]) torch.Size([128])
torch.Size([128, 3, 224, 224]) torch.Size([128])
torch.Size([128, 3, 224, 224]) torch.Size([128])
torch.Size([128, 3, 224, 224]) torch.Size([128])
torch.Size([128, 3, 224, 224]) torch.Size([128])
torch.Size([128, 3, 224, 224]) torch.Size([128])
torch.Size([128, 3, 224, 224]) torch.Size([128])
torch.Size([128, 3, 224, 224]) torch.Size([128])
torch.Size([128, 3, 224, 224]) torch.Size([128])
torch.Size([128, 3, 224, 224]) torch.Size([128])
torch.Size([128, 3, 224, 224]) torch.Size([128])
torch.Size([128, 3, 224, 224]) torch.Size([128])
torch.Size([128, 3, 224, 224]) torch.Size([128])
torch.Size([128, 3, 224, 224]) torch.Size([128])
torch.Size([128, 3, 224, 224]) torch.Size([128])
torch.Size([128, 3, 224, 224]) torch.Size([128])
torch.Size([128, 3, 224, 224]) torch.Size([128])
torch.Size([128, 3, 224, 224]) torch.Size([128])
torch.Size([128, 3, 224, 224]) torch.Size([128])
torch.Size([128, 3, 224, 224]) torch.Size([128])
torch.Size([128, 3, 224, 224]) torch.Size([128])
torch.Size([128, 3, 224, 224]) torch.Size([128])
torch.Size([128, 3, 224, 224]) torch.Size([128])
torch.Size([128, 3, 224, 224]) torch.Size([128])
torch.Size([128, 3, 224, 224]) torch.Size([128])
torch.Size([128, 3, 224, 224]) torch.Size([128])
torch.Size([128, 3, 224, 224]) torch.Size([128])
torch.Size([128, 3, 224, 224]) torch.Size([128])
torch.Size([128, 3, 224, 224]) torch.Size([128])
torch.Size([128, 3, 224, 224]) torch.Size([128])
torch.Size([128, 3, 224, 224]) torch.Size([128])
torch.Size([128, 3, 224, 224]) torch.Size([128])
torch.Size([128, 3, 224, 224]) torch.Size([128])
torch.Size([128, 3, 224, 224]) torch.Size([128])
torch.Size([128, 3, 224, 224]) torch.Size([128])
torch.Size([128, 3, 224, 224]) torch.Size([128])
torch.Size([128, 3, 224, 224]) torch.Size([128])
torch.Size([128, 3, 224, 224]) torch.Size([128])
torch.Size([128, 3, 224, 224]) torch.Size([128])
torch.Size([128, 3, 224, 224]) torch.Size([128])
torch.Size([128, 3, 224, 224]) torch.Size([128])
torch.Size([128, 3, 224, 224]) torch.Size([128])
torch.Size([128, 3, 224, 224]) torch.Size([128])
torch.Size([128, 3, 224, 224]) torch.Size([128])
torch.Size([128, 3, 224, 224]) torch.Size([128])
torch.Size([128, 3, 224, 224]) torch.Size([128])
torch.Size([128, 3, 224, 224]) torch.Size([128])
torch.Size([128, 3, 224, 224]) torch.Size([128])
torch.Size([128, 3, 224, 224]) torch.Size([128])
torch.Size([128, 3, 224, 224]) torch.Size([128])
torch.Size([128, 3, 224, 224]) torch.Size([128])
torch.Size([128, 3, 224, 224]) torch.Size([128])
torch.Size([128, 3, 224, 224]) torch.Size([128])
torch.Size([128, 3, 224, 224]) torch.Size([128])
torch.Size([128, 3, 224, 224]) torch.Size([128])
torch.Size([128, 3, 224, 224]) torch.Size([128])
torch.Size([128, 3, 224, 224]) torch.Size([128])
torch.Size([128, 3, 224, 224]) torch.Size([128])
torch.Size([128, 3, 224, 224]) torch.Size([128])
torch.Size([128, 3, 224, 224]) torch.Size([128])
torch.Size([128, 3, 224, 224]) torch.Size([128])
torch.Size([128, 3, 224, 224]) torch.Size([128])
torch.Size([128, 3, 224, 224]) torch.Size([128])
torch.Size([128, 3, 224, 224]) torch.Size([128])
torch.Size([128, 3, 224, 224]) torch.Size([128])
torch.Size([128, 3, 224, 224]) torch.Size([128])
torch.Size([128, 3, 224, 224]) torch.Size([128])
torch.Size([128, 3, 224, 224]) torch.Size([128])
torch.Size([128, 3, 224, 224]) torch.Size([128])
torch.Size([128, 3, 224, 224]) torch.Size([128])
torch.Size([128, 3, 224, 224]) torch.Size([128])
torch.Size([128, 3, 224, 224]) torch.Size([128])
torch.Size([128, 3, 224, 224]) torch.Size([128])
torch.Size([128, 3, 224, 224]) torch.Size([128])
torch.Size([128, 3, 224, 224]) torch.Size([128])
torch.Size([128, 3, 224, 224]) torch.Size([128])
torch.Size([128, 3, 224, 224]) torch.Size([128])
torch.Size([128, 3, 224, 224]) torch.Size([128])
torch.Size([128, 3, 224, 224]) torch.Size([128])
torch.Size([128, 3, 224, 224]) torch.Size([128])
torch.Size([128, 3, 224, 224]) torch.Size([128])
torch.Size([128, 3, 224, 224]) torch.Size([128])
torch.Size([128, 3, 224, 224]) torch.Size([128])
torch.Size([128, 3, 224, 224]) torch.Size([128])
torch.Size([128, 3, 224, 224]) torch.Size([128])
torch.Size([128, 3, 224, 224]) torch.Size([128])
torch.Size([128, 3, 224, 224]) torch.Size([128])
[1, 600] loss: 0.321
torch.Size([128, 3, 224, 224]) torch.Size([128])
torch.Size([128, 3, 224, 224]) torch.Size([128])
torch.Size([128, 3, 224, 224]) torch.Size([128])
torch.Size([128, 3, 224, 224]) torch.Size([128])
torch.Size([128, 3, 224, 224]) torch.Size([128])
torch.Size([128, 3, 224, 224]) torch.Size([128])
torch.Size([128, 3, 224, 224]) torch.Size([128])
torch.Size([128, 3, 224, 224]) torch.Size([128])
torch.Size([128, 3, 224, 224]) torch.Size([128])
torch.Size([128, 3, 224, 224]) torch.Size([128])
torch.Size([128, 3, 224, 224]) torch.Size([128])
torch.Size([128, 3, 224, 224]) torch.Size([128])
torch.Size([128, 3, 224, 224]) torch.Size([128])
torch.Size([128, 3, 224, 224]) torch.Size([128])
torch.Size([128, 3, 224, 224]) torch.Size([128])
torch.Size([128, 3, 224, 224]) torch.Size([128])
torch.Size([128, 3, 224, 224]) torch.Size([128])
torch.Size([128, 3, 224, 224]) torch.Size([128])
torch.Size([128, 3, 224, 224]) torch.Size([128])
torch.Size([128, 3, 224, 224]) torch.Size([128])
torch.Size([128, 3, 224, 224]) torch.Size([128])
torch.Size([128, 3, 224, 224]) torch.Size([128])
torch.Size([128, 3, 224, 224]) torch.Size([128])
torch.Size([128, 3, 224, 224]) torch.Size([128])
torch.Size([128, 3, 224, 224]) torch.Size([128])
torch.Size([128, 3, 224, 224]) torch.Size([128])
torch.Size([128, 3, 224, 224]) torch.Size([128])
torch.Size([128, 3, 224, 224]) torch.Size([128])
torch.Size([128, 3, 224, 224]) torch.Size([128])
torch.Size([128, 3, 224, 224]) torch.Size([128])
torch.Size([128, 3, 224, 224]) torch.Size([128])
torch.Size([128, 3, 224, 224]) torch.Size([128])
torch.Size([128, 3, 224, 224]) torch.Size([128])
torch.Size([128, 3, 224, 224]) torch.Size([128])
torch.Size([128, 3, 224, 224]) torch.Size([128])
torch.Size([128, 3, 224, 224]) torch.Size([128])
torch.Size([128, 3, 224, 224]) torch.Size([128])
torch.Size([128, 3, 224, 224]) torch.Size([128])
torch.Size([128, 3, 224, 224]) torch.Size([128])
torch.Size([128, 3, 224, 224]) torch.Size([128])
torch.Size([128, 3, 224, 224]) torch.Size([128])
torch.Size([128, 3, 224, 224]) torch.Size([128])
torch.Size([128, 3, 224, 224]) torch.Size([128])
torch.Size([128, 3, 224, 224]) torch.Size([128])
torch.Size([128, 3, 224, 224]) torch.Size([128])
torch.Size([128, 3, 224, 224]) torch.Size([128])
torch.Size([128, 3, 224, 224]) torch.Size([128])
torch.Size([128, 3, 224, 224]) torch.Size([128])
torch.Size([128, 3, 224, 224]) torch.Size([128])
torch.Size([128, 3, 224, 224]) torch.Size([128])
torch.Size([128, 3, 224, 224]) torch.Size([128])
torch.Size([128, 3, 224, 224]) torch.Size([128])
torch.Size([128, 3, 224, 224]) torch.Size([128])
torch.Size([128, 3, 224, 224]) torch.Size([128])
torch.Size([128, 3, 224, 224]) torch.Size([128])
torch.Size([128, 3, 224, 224]) torch.Size([128])
torch.Size([128, 3, 224, 224]) torch.Size([128])
torch.Size([128, 3, 224, 224]) torch.Size([128])
torch.Size([128, 3, 224, 224]) torch.Size([128])
torch.Size([128, 3, 224, 224]) torch.Size([128])
torch.Size([128, 3, 224, 224]) torch.Size([128])
torch.Size([128, 3, 224, 224]) torch.Size([128])
torch.Size([128, 3, 224, 224]) torch.Size([128])
torch.Size([128, 3, 224, 224]) torch.Size([128])
torch.Size([128, 3, 224, 224]) torch.Size([128])
torch.Size([128, 3, 224, 224]) torch.Size([128])
torch.Size([128, 3, 224, 224]) torch.Size([128])
torch.Size([128, 3, 224, 224]) torch.Size([128])
torch.Size([128, 3, 224, 224]) torch.Size([128])
torch.Size([128, 3, 224, 224]) torch.Size([128])
torch.Size([128, 3, 224, 224]) torch.Size([128])
torch.Size([128, 3, 224, 224]) torch.Size([128])
torch.Size([128, 3, 224, 224]) torch.Size([128])
torch.Size([128, 3, 224, 224]) torch.Size([128])
torch.Size([128, 3, 224, 224]) torch.Size([128])
torch.Size([128, 3, 224, 224]) torch.Size([128])
torch.Size([128, 3, 224, 224]) torch.Size([128])
torch.Size([128, 3, 224, 224]) torch.Size([128])
torch.Size([128, 3, 224, 224]) torch.Size([128])
torch.Size([128, 3, 224, 224]) torch.Size([128])
torch.Size([128, 3, 224, 224]) torch.Size([128])
torch.Size([128, 3, 224, 224]) torch.Size([128])
torch.Size([128, 3, 224, 224]) torch.Size([128])
torch.Size([128, 3, 224, 224]) torch.Size([128])
torch.Size([128, 3, 224, 224]) torch.Size([128])
torch.Size([128, 3, 224, 224]) torch.Size([128])
torch.Size([128, 3, 224, 224]) torch.Size([128])
torch.Size([128, 3, 224, 224]) torch.Size([128])
torch.Size([128, 3, 224, 224]) torch.Size([128])
torch.Size([128, 3, 224, 224]) torch.Size([128])
torch.Size([128, 3, 224, 224]) torch.Size([128])
torch.Size([128, 3, 224, 224]) torch.Size([128])
torch.Size([128, 3, 224, 224]) torch.Size([128])
torch.Size([128, 3, 224, 224]) torch.Size([128])
torch.Size([128, 3, 224, 224]) torch.Size([128])
torch.Size([128, 3, 224, 224]) torch.Size([128])
torch.Size([128, 3, 224, 224]) torch.Size([128])
torch.Size([128, 3, 224, 224]) torch.Size([128])
torch.Size([128, 3, 224, 224]) torch.Size([128])
torch.Size([128, 3, 224, 224]) torch.Size([128])
torch.Size([128, 3, 224, 224]) torch.Size([128])
torch.Size([128, 3, 224, 224]) torch.Size([128])
torch.Size([128, 3, 224, 224]) torch.Size([128])
torch.Size([128, 3, 224, 224]) torch.Size([128])
torch.Size([128, 3, 224, 224]) torch.Size([128])
torch.Size([128, 3, 224, 224]) torch.Size([128])
torch.Size([128, 3, 224, 224]) torch.Size([128])
torch.Size([128, 3, 224, 224]) torch.Size([128])
torch.Size([128, 3, 224, 224]) torch.Size([128])
torch.Size([128, 3, 224, 224]) torch.Size([128])
torch.Size([128, 3, 224, 224]) torch.Size([128])
torch.Size([128, 3, 224, 224]) torch.Size([128])
torch.Size([128, 3, 224, 224]) torch.Size([128])
torch.Size([128, 3, 224, 224]) torch.Size([128])
torch.Size([128, 3, 224, 224]) torch.Size([128])
torch.Size([128, 3, 224, 224]) torch.Size([128])
torch.Size([128, 3, 224, 224]) torch.Size([128])
torch.Size([128, 3, 224, 224]) torch.Size([128])
torch.Size([128, 3, 224, 224]) torch.Size([128])
torch.Size([128, 3, 224, 224]) torch.Size([128])
torch.Size([128, 3, 224, 224]) torch.Size([128])
torch.Size([128, 3, 224, 224]) torch.Size([128])
torch.Size([128, 3, 224, 224]) torch.Size([128])
torch.Size([128, 3, 224, 224]) torch.Size([128])
torch.Size([128, 3, 224, 224]) torch.Size([128])
torch.Size([128, 3, 224, 224]) torch.Size([128])
torch.Size([128, 3, 224, 224]) torch.Size([128])
torch.Size([128, 3, 224, 224]) torch.Size([128])
torch.Size([128, 3, 224, 224]) torch.Size([128])
torch.Size([128, 3, 224, 224]) torch.Size([128])
torch.Size([128, 3, 224, 224]) torch.Size([128])
torch.Size([128, 3, 224, 224]) torch.Size([128])
torch.Size([128, 3, 224, 224]) torch.Size([128])
torch.Size([128, 3, 224, 224]) torch.Size([128])
torch.Size([128, 3, 224, 224]) torch.Size([128])
torch.Size([128, 3, 224, 224]) torch.Size([128])
torch.Size([128, 3, 224, 224]) torch.Size([128])
torch.Size([128, 3, 224, 224]) torch.Size([128])
torch.Size([128, 3, 224, 224]) torch.Size([128])
torch.Size([128, 3, 224, 224]) torch.Size([128])
torch.Size([128, 3, 224, 224]) torch.Size([128])
torch.Size([128, 3, 224, 224]) torch.Size([128])
torch.Size([128, 3, 224, 224]) torch.Size([128])
torch.Size([128, 3, 224, 224]) torch.Size([128])
torch.Size([128, 3, 224, 224]) torch.Size([128])
torch.Size([128, 3, 224, 224]) torch.Size([128])
torch.Size([128, 3, 224, 224]) torch.Size([128])
torch.Size([128, 3, 224, 224]) torch.Size([128])
torch.Size([128, 3, 224, 224]) torch.Size([128])
torch.Size([128, 3, 224, 224]) torch.Size([128])
torch.Size([128, 3, 224, 224]) torch.Size([128])
torch.Size([128, 3, 224, 224]) torch.Size([128])
torch.Size([128, 3, 224, 224]) torch.Size([128])
torch.Size([128, 3, 224, 224]) torch.Size([128])
torch.Size([128, 3, 224, 224]) torch.Size([128])
torch.Size([128, 3, 224, 224]) torch.Size([128])
torch.Size([128, 3, 224, 224]) torch.Size([128])
torch.Size([128, 3, 224, 224]) torch.Size([128])
torch.Size([128, 3, 224, 224]) torch.Size([128])
torch.Size([128, 3, 224, 224]) torch.Size([128])
torch.Size([128, 3, 224, 224]) torch.Size([128])
torch.Size([128, 3, 224, 224]) torch.Size([128])
torch.Size([128, 3, 224, 224]) torch.Size([128])
torch.Size([128, 3, 224, 224]) torch.Size([128])
torch.Size([128, 3, 224, 224]) torch.Size([128])
torch.Size([128, 3, 224, 224]) torch.Size([128])
torch.Size([128, 3, 224, 224]) torch.Size([128])
torch.Size([128, 3, 224, 224]) torch.Size([128])
torch.Size([128, 3, 224, 224]) torch.Size([128])
torch.Size([128, 3, 224, 224]) torch.Size([128])
torch.Size([128, 3, 224, 224]) torch.Size([128])
torch.Size([128, 3, 224, 224]) torch.Size([128])
torch.Size([128, 3, 224, 224]) torch.Size([128])
torch.Size([128, 3, 224, 224]) torch.Size([128])
torch.Size([128, 3, 224, 224]) torch.Size([128])
torch.Size([128, 3, 224, 224]) torch.Size([128])
torch.Size([128, 3, 224, 224]) torch.Size([128])
torch.Size([128, 3, 224, 224]) torch.Size([128])
torch.Size([128, 3, 224, 224]) torch.Size([128])
torch.Size([128, 3, 224, 224]) torch.Size([128])
torch.Size([128, 3, 224, 224]) torch.Size([128])
torch.Size([128, 3, 224, 224]) torch.Size([128])
torch.Size([128, 3, 224, 224]) torch.Size([128])
torch.Size([128, 3, 224, 224]) torch.Size([128])
torch.Size([128, 3, 224, 224]) torch.Size([128])
torch.Size([128, 3, 224, 224]) torch.Size([128])
torch.Size([128, 3, 224, 224]) torch.Size([128])
torch.Size([128, 3, 224, 224]) torch.Size([128])
torch.Size([128, 3, 224, 224]) torch.Size([128])
torch.Size([128, 3, 224, 224]) torch.Size([128])
torch.Size([128, 3, 224, 224]) torch.Size([128])
torch.Size([128, 3, 224, 224]) torch.Size([128])
torch.Size([128, 3, 224, 224]) torch.Size([128])
torch.Size([128, 3, 224, 224]) torch.Size([128])
torch.Size([128, 3, 224, 224]) torch.Size([128])
torch.Size([128, 3, 224, 224]) torch.Size([128])
torch.Size([128, 3, 224, 224]) torch.Size([128])
torch.Size([128, 3, 224, 224]) torch.Size([128])
torch.Size([128, 3, 224, 224]) torch.Size([128])
torch.Size([128, 3, 224, 224]) torch.Size([128])
[1, 800] loss: 0.326
torch.Size([128, 3, 224, 224]) torch.Size([128])
torch.Size([128, 3, 224, 224]) torch.Size([128])
torch.Size([128, 3, 224, 224]) torch.Size([128])
torch.Size([128, 3, 224, 224]) torch.Size([128])
torch.Size([128, 3, 224, 224]) torch.Size([128])
torch.Size([128, 3, 224, 224]) torch.Size([128])
torch.Size([128, 3, 224, 224]) torch.Size([128])
torch.Size([128, 3, 224, 224]) torch.Size([128])
torch.Size([128, 3, 224, 224]) torch.Size([128])
torch.Size([128, 3, 224, 224]) torch.Size([128])
torch.Size([128, 3, 224, 224]) torch.Size([128])
torch.Size([128, 3, 224, 224]) torch.Size([128])
torch.Size([128, 3, 224, 224]) torch.Size([128])
torch.Size([128, 3, 224, 224]) torch.Size([128])
torch.Size([128, 3, 224, 224]) torch.Size([128])
torch.Size([128, 3, 224, 224]) torch.Size([128])
torch.Size([128, 3, 224, 224]) torch.Size([128])
torch.Size([128, 3, 224, 224]) torch.Size([128])
torch.Size([128, 3, 224, 224]) torch.Size([128])
torch.Size([128, 3, 224, 224]) torch.Size([128])
torch.Size([128, 3, 224, 224]) torch.Size([128])
torch.Size([128, 3, 224, 224]) torch.Size([128])
torch.Size([128, 3, 224, 224]) torch.Size([128])
torch.Size([128, 3, 224, 224]) torch.Size([128])
torch.Size([128, 3, 224, 224]) torch.Size([128])
torch.Size([128, 3, 224, 224]) torch.Size([128])
torch.Size([128, 3, 224, 224]) torch.Size([128])
torch.Size([128, 3, 224, 224]) torch.Size([128])
torch.Size([128, 3, 224, 224]) torch.Size([128])
torch.Size([128, 3, 224, 224]) torch.Size([128])
torch.Size([128, 3, 224, 224]) torch.Size([128])
torch.Size([128, 3, 224, 224]) torch.Size([128])
torch.Size([128, 3, 224, 224]) torch.Size([128])
torch.Size([128, 3, 224, 224]) torch.Size([128])
torch.Size([128, 3, 224, 224]) torch.Size([128])
torch.Size([128, 3, 224, 224]) torch.Size([128])
torch.Size([128, 3, 224, 224]) torch.Size([128])
torch.Size([128, 3, 224, 224]) torch.Size([128])
torch.Size([128, 3, 224, 224]) torch.Size([128])
torch.Size([128, 3, 224, 224]) torch.Size([128])
torch.Size([128, 3, 224, 224]) torch.Size([128])
torch.Size([128, 3, 224, 224]) torch.Size([128])
torch.Size([128, 3, 224, 224]) torch.Size([128])
torch.Size([128, 3, 224, 224]) torch.Size([128])
torch.Size([128, 3, 224, 224]) torch.Size([128])
torch.Size([128, 3, 224, 224]) torch.Size([128])
torch.Size([128, 3, 224, 224]) torch.Size([128])
torch.Size([128, 3, 224, 224]) torch.Size([128])
torch.Size([128, 3, 224, 224]) torch.Size([128])
torch.Size([128, 3, 224, 224]) torch.Size([128])
torch.Size([128, 3, 224, 224]) torch.Size([128])
